Determining if the pthread_create exist failed with the following output:
Change Dir: /home/david/robotx/catkin_ws/build/CMakeFiles/CMakeTmp

Run Build Command:"/usr/bin/make" "cmTC_ae4cf/fast"
/usr/bin/make -f CMakeFiles/cmTC_ae4cf.dir/build.make CMakeFiles/cmTC_ae4cf.dir/build
make[1]: Entering directory '/home/david/robotx/catkin_ws/build/CMakeFiles/CMakeTmp'
Building C object CMakeFiles/cmTC_ae4cf.dir/CheckSymbolExists.c.o
/usr/bin/cc     -o CMakeFiles/cmTC_ae4cf.dir/CheckSymbolExists.c.o   -c /home/david/robotx/catkin_ws/build/CMakeFiles/CMakeTmp/CheckSymbolExists.c
Linking C executable cmTC_ae4cf
/usr/bin/cmake -E cmake_link_script CMakeFiles/cmTC_ae4cf.dir/link.txt --verbose=1
/usr/bin/cc       CMakeFiles/cmTC_ae4cf.dir/CheckSymbolExists.c.o  -o cmTC_ae4cf -rdynamic 
CMakeFiles/cmTC_ae4cf.dir/CheckSymbolExists.c.o: In function `main':
CheckSymbolExists.c:(.text+0x16): undefined reference to `pthread_create'
collect2: error: ld returned 1 exit status
CMakeFiles/cmTC_ae4cf.dir/build.make:97: recipe for target 'cmTC_ae4cf' failed
make[1]: *** [cmTC_ae4cf] Error 1
make[1]: Leaving directory '/home/david/robotx/catkin_ws/build/CMakeFiles/CMakeTmp'
Makefile:126: recipe for target 'cmTC_ae4cf/fast' failed
make: *** [cmTC_ae4cf/fast] Error 2

File /home/david/robotx/catkin_ws/build/CMakeFiles/CMakeTmp/CheckSymbolExists.c:
/* */
#include <pthread.h>

int main(int argc, char** argv)
{
  (void)argv;
#ifndef pthread_create
  return ((int*)(&pthread_create))[argc];
#else
  (void)argc;
  return 0;
#endif
}

Determining if the function pthread_create exists in the pthreads failed with the following output:
Change Dir: /home/david/robotx/catkin_ws/build/CMakeFiles/CMakeTmp

Run Build Command:"/usr/bin/make" "cmTC_d8b8c/fast"
/usr/bin/make -f CMakeFiles/cmTC_d8b8c.dir/build.make CMakeFiles/cmTC_d8b8c.dir/build
make[1]: Entering directory '/home/david/robotx/catkin_ws/build/CMakeFiles/CMakeTmp'
Building C object CMakeFiles/cmTC_d8b8c.dir/CheckFunctionExists.c.o
/usr/bin/cc    -DCHECK_FUNCTION_EXISTS=pthread_create   -o CMakeFiles/cmTC_d8b8c.dir/CheckFunctionExists.c.o   -c /usr/share/cmake-3.5/Modules/CheckFunctionExists.c
Linking C executable cmTC_d8b8c
/usr/bin/cmake -E cmake_link_script CMakeFiles/cmTC_d8b8c.dir/link.txt --verbose=1
/usr/bin/cc   -DCHECK_FUNCTION_EXISTS=pthread_create    CMakeFiles/cmTC_d8b8c.dir/CheckFunctionExists.c.o  -o cmTC_d8b8c -rdynamic -lpthreads 
/usr/bin/ld: cannot find -lpthreads
collect2: error: ld returned 1 exit status
CMakeFiles/cmTC_d8b8c.dir/build.make:97: recipe for target 'cmTC_d8b8c' failed
make[1]: *** [cmTC_d8b8c] Error 1
make[1]: Leaving directory '/home/david/robotx/catkin_ws/build/CMakeFiles/CMakeTmp'
Makefile:126: recipe for target 'cmTC_d8b8c/fast' failed
make: *** [cmTC_d8b8c/fast] Error 2


